Launching lib/main.dart on 2201116PG in debug mode...
Running Gradle task 'assembleDebug'...                          
lib/screens/common/splash_screen.dart:354:29: Error: Member not found: 'white90'.
              color: Colors.white90,
                            ^^^^^^^
Target kernel_snapshot_program failed: Exception


FAILURE: Build failed with an exception.

* What went wrong:
Execution failed for task ':app:compileFlutterBuildDebug'.
> Process 'command '/home/mauchly/development/flutter/bin/flutter'' finished with non-zero exit value 1

* Try:
> Run with --stacktrace option to get the stack trace.
> Run with --info or --debug option to get more log output.
> Run with --scan to get full insights.
> Get more help at https://help.gradle.org.

BUILD FAILED in 2s
Running Gradle task 'assembleDebug'...                           2,299ms
Error: Gradle task assembleDebug failed with exit code 1
